[debug] [2024-04-19T09:58:16.050Z] ----------------------------------------------------------------------
[debug] [2024-04-19T09:58:16.052Z] Command:       /opt/homebrew/Cellar/node/21.5.0/bin/node /opt/homebrew/bin/firebase init
[debug] [2024-04-19T09:58:16.052Z] CLI Version:   13.7.3
[debug] [2024-04-19T09:58:16.052Z] Platform:      darwin
[debug] [2024-04-19T09:58:16.052Z] Node Version:  v21.5.0
[debug] [2024-04-19T09:58:16.052Z] Time:          Fri Apr 19 2024 15:28:16 GMT+0530 (India Standard Time)
[debug] [2024-04-19T09:58:16.052Z] ----------------------------------------------------------------------
[debug] 
[debug] [2024-04-19T09:58:16.055Z] > command requires scopes: ["email","openid","https://www.googleapis.com/auth/cloudplatformprojects.readonly","https://www.googleapis.com/auth/firebase","https://www.googleapis.com/auth/cloud-platform"]
[debug] [2024-04-19T09:58:16.056Z] > authorizing via signed-in user (jaydeepp@zignuts.com)
[info] 
     ######## #### ########  ######## ########     ###     ######  ########
     ##        ##  ##     ## ##       ##     ##  ##   ##  ##       ##
     ######    ##  ########  ######   ########  #########  ######  ######
     ##        ##  ##    ##  ##       ##     ## ##     ##       ## ##
     ##       #### ##     ## ######## ########  ##     ##  ######  ########

You're about to initialize a Firebase project in this directory:

  /Users/ztlab97/Prelearning_path/ReactJs/socialmedia

[info] 
=== Project Setup
[info] 
[info] First, let's associate this project directory with a Firebase project.
[info] You can create multiple project aliases by running firebase use --add, 
[info] but for now we'll just set up a default project.
[info] 
[debug] [2024-04-19T10:00:10.614Z] >>> [apiv2][query] GET https://firebase.googleapis.com/v1beta1/projects pageSize=100
[debug] [2024-04-19T10:00:11.402Z] <<< [apiv2][status] GET https://firebase.googleapis.com/v1beta1/projects 200
[debug] [2024-04-19T10:00:11.402Z] <<< [apiv2][body] GET https://firebase.googleapis.com/v1beta1/projects [omitted]
[info] i  Using project social-media-ebc64 (social-media) 
[info] 
=== Database Setup
[info] i  database: ensuring required API firebasedatabase.googleapis.com is enabled... 
[debug] [2024-04-19T10:00:40.004Z] >>> [apiv2][query] GET https://serviceusage.googleapis.com/v1/projects/social-media-ebc64/services/firebasedatabase.googleapis.com [none]
[debug] [2024-04-19T10:00:40.004Z] >>> [apiv2][(partial)header] GET https://serviceusage.googleapis.com/v1/projects/social-media-ebc64/services/firebasedatabase.googleapis.com x-goog-quota-user=projects/social-media-ebc64
[debug] [2024-04-19T10:00:42.131Z] <<< [apiv2][status] GET https://serviceusage.googleapis.com/v1/projects/social-media-ebc64/services/firebasedatabase.googleapis.com 200
[debug] [2024-04-19T10:00:42.131Z] <<< [apiv2][body] GET https://serviceusage.googleapis.com/v1/projects/social-media-ebc64/services/firebasedatabase.googleapis.com [omitted]
[warn] ⚠  database: missing required API firebasedatabase.googleapis.com. Enabling now... 
[debug] [2024-04-19T10:00:42.133Z] >>> [apiv2][query] POST https://serviceusage.googleapis.com/v1/projects/social-media-ebc64/services/firebasedatabase.googleapis.com:enable [none]
[debug] [2024-04-19T10:00:42.133Z] >>> [apiv2][(partial)header] POST https://serviceusage.googleapis.com/v1/projects/social-media-ebc64/services/firebasedatabase.googleapis.com:enable x-goog-quota-user=projects/social-media-ebc64
[debug] [2024-04-19T10:00:44.186Z] <<< [apiv2][status] POST https://serviceusage.googleapis.com/v1/projects/social-media-ebc64/services/firebasedatabase.googleapis.com:enable 200
[debug] [2024-04-19T10:00:44.187Z] <<< [apiv2][body] POST https://serviceusage.googleapis.com/v1/projects/social-media-ebc64/services/firebasedatabase.googleapis.com:enable [omitted]
[debug] [2024-04-19T10:00:54.188Z] >>> [apiv2][query] GET https://serviceusage.googleapis.com/v1/projects/social-media-ebc64/services/firebasedatabase.googleapis.com [none]
[debug] [2024-04-19T10:00:54.189Z] >>> [apiv2][(partial)header] GET https://serviceusage.googleapis.com/v1/projects/social-media-ebc64/services/firebasedatabase.googleapis.com x-goog-quota-user=projects/social-media-ebc64
[debug] [2024-04-19T10:00:56.113Z] <<< [apiv2][status] GET https://serviceusage.googleapis.com/v1/projects/social-media-ebc64/services/firebasedatabase.googleapis.com 200
[debug] [2024-04-19T10:00:56.113Z] <<< [apiv2][body] GET https://serviceusage.googleapis.com/v1/projects/social-media-ebc64/services/firebasedatabase.googleapis.com [omitted]
[info] ✔  database: required API firebasedatabase.googleapis.com is enabled 
[info] 
[debug] [2024-04-19T10:00:56.118Z] >>> [apiv2][query] GET https://firebase.googleapis.com/v1beta1/projects/social-media-ebc64 [none]
[debug] [2024-04-19T10:00:56.602Z] <<< [apiv2][status] GET https://firebase.googleapis.com/v1beta1/projects/social-media-ebc64 200
[debug] [2024-04-19T10:00:56.603Z] <<< [apiv2][body] GET https://firebase.googleapis.com/v1beta1/projects/social-media-ebc64 {"projectId":"social-media-ebc64","projectNumber":"192289257399","displayName":"social-media","name":"projects/social-media-ebc64","resources":{"hostingSite":"social-media-ebc64"},"state":"ACTIVE","etag":"1_80ace80c-da2f-42bd-aca4-4fc84d8e46cf"}
[info] 
[info] Firebase Realtime Database Security Rules allow you to define how your data should be
[info] structured and when your data can be read from and written to.
[info] 
[info] ✔  Default rules have been written to database.rules.json. 
[info] Future modifications to database.rules.json will update Realtime Database Security Rules when you run
[info] firebase deploy.
[info] 
=== Hosting Setup
[debug] [2024-04-19T10:01:37.150Z] >>> [apiv2][query] GET https://firebase.googleapis.com/v1beta1/projects/social-media-ebc64 [none]
[debug] [2024-04-19T10:01:37.694Z] <<< [apiv2][status] GET https://firebase.googleapis.com/v1beta1/projects/social-media-ebc64 200
[debug] [2024-04-19T10:01:37.694Z] <<< [apiv2][body] GET https://firebase.googleapis.com/v1beta1/projects/social-media-ebc64 {"projectId":"social-media-ebc64","projectNumber":"192289257399","displayName":"social-media","name":"projects/social-media-ebc64","resources":{"hostingSite":"social-media-ebc64"},"state":"ACTIVE","etag":"1_80ace80c-da2f-42bd-aca4-4fc84d8e46cf"}
[info] 
[info] Your public directory is the folder (relative to your project directory) that
[info] will contain Hosting assets to be uploaded with firebase deploy. If you
[info] have a build process for your assets, use your build's output directory.
[info] 
[info] ✔  Wrote public/404.html 
[debug] [2024-04-19T10:03:13.401Z] >>> [apiv2][query] GET https://www.gstatic.com/firebasejs/releases.json [none]
[debug] [2024-04-19T10:03:13.609Z] <<< [apiv2][status] GET https://www.gstatic.com/firebasejs/releases.json 200
[debug] [2024-04-19T10:03:13.609Z] <<< [apiv2][body] GET https://www.gstatic.com/firebasejs/releases.json {"current":{"version":"10.11.0","browserURL":"https://www.gstatic.com/firebasejs/10.11.0/firebase.js","packageURL":"https://www.gstatic.com/firebasejs/10.11.0/firebase.tgz"},"live":{"version":"10.11","browserURL":"https://www.gstatic.com/firebasejs/live/10.11/firebase.js","packageURL":"https://www.gstatic.com/firebasejs/live/10.11/firebase.tgz"},"components":{"analytics":"https://www.gstatic.com/firebasejs/10.11.0/firebase-analytics.js","app":"https://www.gstatic.com/firebasejs/10.11.0/firebase-app.js","app-check":"https://www.gstatic.com/firebasejs/10.11.0/firebase-app-check.js","auth":"https://www.gstatic.com/firebasejs/10.11.0/firebase-auth.js","auth/cordova":"https://www.gstatic.com/firebasejs/10.11.0/firebase-auth/cordova.js","auth/web-extension":"https://www.gstatic.com/firebasejs/10.11.0/firebase-auth/web-extension.js","functions":"https://www.gstatic.com/firebasejs/10.11.0/firebase-functions.js","firestore":"https://www.gstatic.com/firebasejs/10.11.0/firebase-firestore.js","firestore/lite":"https://www.gstatic.com/firebasejs/10.11.0/firebase-firestore/lite.js","installations":"https://www.gstatic.com/firebasejs/10.11.0/firebase-installations.js","storage":"https://www.gstatic.com/firebasejs/10.11.0/firebase-storage.js","performance":"https://www.gstatic.com/firebasejs/10.11.0/firebase-performance.js","remote-config":"https://www.gstatic.com/firebasejs/10.11.0/firebase-remote-config.js","messaging":"https://www.gstatic.com/firebasejs/10.11.0/firebase-messaging.js","messaging/sw":"https://www.gstatic.com/firebasejs/10.11.0/firebase-messaging/sw.js","database":"https://www.gstatic.com/firebasejs/10.11.0/firebase-database.js","firestore.memory":"https://www.gstatic.com/firebasejs/10.11.0/firebase-firestore.memory.js"}}
[info] i  Skipping write of public/index.html 
[info] 
[info] i  Detected a .git folder at /Users/ztlab97/Prelearning_path/ReactJs/socialmedia 
[info] i  Authorizing with GitHub to upload your service account to a GitHub repository's secrets store. 
[info] 
[info] Visit this URL on this device to log in:
[info] https://github.com/login/oauth/authorize?client_id=89cf50f02ac6aaed3484&state=947867417&redirect_uri=http%3A%2F%2Flocalhost%3A9005&scope=read%3Auser%20repo%20public_repo
[info] 
[info] Waiting for authentication...
[debug] [2024-04-19T10:06:41.006Z] >>> [apiv2][query] POST https://github.com/login/oauth/access_token [none]
[debug] [2024-04-19T10:06:41.006Z] >>> [apiv2][body] POST https://github.com/login/oauth/access_token [stream]
[debug] [2024-04-19T10:06:41.519Z] <<< [apiv2][status] POST https://github.com/login/oauth/access_token 200
[debug] [2024-04-19T10:06:41.519Z] <<< [apiv2][body] POST https://github.com/login/oauth/access_token {"access_token":"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","token_type":"bearer","scope":"read:user,repo"}
[debug] [2024-04-19T10:06:41.529Z] >>> [apiv2][query] GET https://api.github.com/user [none]
[debug] [2024-04-19T10:06:41.986Z] <<< [apiv2][status] GET https://api.github.com/user 200
[debug] [2024-04-19T10:06:41.987Z] <<< [apiv2][body] GET https://api.github.com/user {"login":"jaydeep-zignuts","id":121949361,"node_id":"U_kgDOB0TMsQ","avatar_url":"https://avatars.githubusercontent.com/u/121949361?v=4","gravatar_id":"","url":"https://api.github.com/users/jaydeep-zignuts","html_url":"https://github.com/jaydeep-zignuts","followers_url":"https://api.github.com/users/jaydeep-zignuts/followers","following_url":"https://api.github.com/users/jaydeep-zignuts/following{/other_user}","gists_url":"https://api.github.com/users/jaydeep-zignuts/gists{/gist_id}","starred_url":"https://api.github.com/users/jaydeep-zignuts/starred{/owner}{/repo}","subscriptions_url":"https://api.github.com/users/jaydeep-zignuts/subscriptions","organizations_url":"https://api.github.com/users/jaydeep-zignuts/orgs","repos_url":"https://api.github.com/users/jaydeep-zignuts/repos","events_url":"https://api.github.com/users/jaydeep-zignuts/events{/privacy}","received_events_url":"https://api.github.com/users/jaydeep-zignuts/received_events","type":"User","site_admin":false,"name":null,"company":null,"blog":"","location":null,"email":null,"hireable":null,"bio":null,"twitter_username":null,"public_repos":18,"public_gists":0,"followers":0,"following":0,"created_at":"2023-01-04T13:07:59Z","updated_at":"2024-04-19T10:06:16Z","private_gists":0,"total_private_repos":2,"owned_private_repos":2,"disk_usage":461602,"collaborators":0,"two_factor_authentication":false,"plan":{"name":"free","space":976562499,"collaborators":0,"private_repos":10000}}
[info] 
[info] ✔  Success! Logged into GitHub as jaydeep-zignuts 
[info] 
